<?xml version="1.0" encoding="UTF-8"?>
<testng-results skipped="0" failed="0" ignored="0" total="1" passed="1">
  <reporter-output>
  </reporter-output>
  <suite name="Suite" duration-ms="10009" started-at="2018-11-10T18:24:10Z" finished-at="2018-11-10T18:24:20Z">
    <groups>
    </groups>
    <test name="Test" duration-ms="10009" started-at="2018-11-10T18:24:10Z" finished-at="2018-11-10T18:24:20Z">
      <class name="DemoClass">
        <test-method status="PASS" signature="testLogin()[pri:0, instance:DemoClass@724af044]" name="testLogin" duration-ms="9990" started-at="2018-11-10T18:24:10Z" finished-at="2018-11-10T18:24:20Z">
          <reporter-output>
          </reporter-output>
        </test-method> <!-- testLogin -->
      </class> <!-- DemoClass -->
    </test> <!-- Test -->
  </suite> <!-- Suite -->
</testng-results>
